#
# There is insufficient memory for the Java Runtime Environment to continue.
# Native memory allocation (malloc) failed to allocate 186656 bytes for Chunk::new
# Possible reasons:
#   The system is out of physical RAM or swap space
#   In 32 bit mode, the process size limit was hit
# Possible solutions:
#   Reduce memory load on the system
#   Increase physical memory or swap space
#   Check if swap backing store is full
#   Use 64 bit Java on a 64 bit OS
#   Decrease Java heap size (-Xmx/-Xms)
#   Decrease number of Java threads
#   Decrease Java thread stack sizes (-Xss)
#   Set larger code cache with -XX:ReservedCodeCacheSize=
# This output file may be truncated or incomplete.
#
#  Out of Memory Error (allocation.cpp:390), pid=11564, tid=1244
#
# JRE version: Java(TM) SE Runtime Environment (8.0_45-b15) (build 1.8.0_45-b15)
# Java VM: Java HotSpot(TM) 64-Bit Server VM (25.45-b02 mixed mode windows-amd64 compressed oops)
# Failed to write core dump. Minidumps are not enabled by default on client versions of Windows
#

---------------  T H R E A D  ---------------

Current thread (0x00000000194db000):  JavaThread "C2 CompilerThread1" daemon [_thread_in_native, id=1244, stack(0x0000000019bb0000,0x0000000019cb0000)]

Stack: [0x0000000019bb0000,0x0000000019cb0000]
Native frames: (J=compiled Java code, j=interpreted, Vv=VM code, C=native code)
V  [jvm.dll+0x32b57a]
V  [jvm.dll+0x279873]
V  [jvm.dll+0x27a509]
V  [jvm.dll+0x271825]
V  [jvm.dll+0xcb9e2]
V  [jvm.dll+0xcbeac]
V  [jvm.dll+0x476ef2]
V  [jvm.dll+0x4b955f]
V  [jvm.dll+0x46bf81]
V  [jvm.dll+0x46ccbe]
V  [jvm.dll+0x4500f2]
V  [jvm.dll+0xa4352]
V  [jvm.dll+0xa4c8f]
V  [jvm.dll+0x241984]
V  [jvm.dll+0x29853a]
C  [msvcr100.dll+0x21d9f]
C  [msvcr100.dll+0x21e3b]
C  [KERNEL32.DLL+0x18102]
C  [ntdll.dll+0x5c2e4]


Current CompileTask:
C2:    575  148 %     4       sun.security.provider.SHA::implCompress @ 12 (491 bytes)


---------------  P R O C E S S  ---------------

Java Threads: ( => current thread )
  0x000000001956f800 JavaThread "Service Thread" daemon [_thread_blocked, id=804, stack(0x0000000019eb0000,0x0000000019fb0000)]
  0x00000000194e8800 JavaThread "C1 CompilerThread3" daemon [_thread_blocked, id=1844, stack(0x0000000019db0000,0x0000000019eb0000)]
  0x00000000194e0000 JavaThread "C2 CompilerThread2" daemon [_thread_blocked, id=9696, stack(0x0000000019cb0000,0x0000000019db0000)]
=>0x00000000194db000 JavaThread "C2 CompilerThread1" daemon [_thread_in_native, id=1244, stack(0x0000000019bb0000,0x0000000019cb0000)]
  0x00000000194d5800 JavaThread "C2 CompilerThread0" daemon [_thread_blocked, id=9732, stack(0x0000000019ab0000,0x0000000019bb0000)]
  0x00000000194d4000 JavaThread "Attach Listener" daemon [_thread_blocked, id=2628, stack(0x00000000199b0000,0x0000000019ab0000)]
  0x00000000194d3000 JavaThread "Signal Dispatcher" daemon [_thread_blocked, id=6588, stack(0x00000000198b0000,0x00000000199b0000)]
  0x0000000002459800 JavaThread "Finalizer" daemon [_thread_blocked, id=592, stack(0x00000000193b0000,0x00000000194b0000)]
  0x0000000002453000 JavaThread "Reference Handler" daemon [_thread_blocked, id=8052, stack(0x00000000192b0000,0x00000000193b0000)]
  0x000000000095d800 JavaThread "main" [_thread_in_native, id=11364, stack(0x0000000002260000,0x0000000002360000)]

Other Threads:
  0x00000000174c9000 VMThread [stack: 0x00000000191b0000,0x00000000192b0000] [id=10992]
  0x0000000019570800 WatcherThread [stack: 0x0000000019fb0000,0x000000001a0b0000] [id=7420]

VM state:not at safepoint (normal execution)

VM Mutex/Monitor currently owned by a thread: None

Heap:
 PSYoungGen      total 38400K, used 4105K [0x00000000d5580000, 0x00000000d8000000, 0x0000000100000000)
  eden space 33280K, 12% used [0x00000000d5580000,0x00000000d5982400,0x00000000d7600000)
  from space 5120K, 0% used [0x00000000d7b00000,0x00000000d7b00000,0x00000000d8000000)
  to   space 5120K, 0% used [0x00000000d7600000,0x00000000d7600000,0x00000000d7b00000)
 ParOldGen       total 87552K, used 0K [0x0000000080000000, 0x0000000085580000, 0x00000000d5580000)
  object space 87552K, 0% used [0x0000000080000000,0x0000000080000000,0x0000000085580000)
 Metaspace       used 3710K, capacity 4604K, committed 4864K, reserved 1056768K
  class space    used 413K, capacity 428K, committed 512K, reserved 1048576K

Card table byte_map: [0x0000000011820000,0x0000000011c30000] byte_map_base: 0x0000000011420000

Marking Bits: (ParMarkBitMap*) 0x000000005d164040
 Begin Bits: [0x00000000126e0000, 0x00000000146e0000)
 End Bits:   [0x00000000146e0000, 0x00000000166e0000)

Polling page: 0x0000000002090000

CodeCache: size=245760Kb used=1371Kb max_used=1371Kb free=244388Kb
 bounds [0x0000000002460000, 0x00000000026d0000, 0x0000000011460000]
 total_blobs=427 nmethods=152 adapters=189
 compilation: enabled

Compilation events (10 events):
Event: 0.459 Thread 0x00000000194e8800  142       3       java.lang.StringCoding::deref (19 bytes)
Event: 0.459 Thread 0x00000000194e8800 nmethod 142 0x00000000025b3ed0 code [0x00000000025b4060, 0x00000000025b4508]
Event: 0.459 Thread 0x00000000194e8800  143       3       java.lang.StringCoding::access$000 (6 bytes)
Event: 0.459 Thread 0x00000000194e8800 nmethod 143 0x00000000025b4650 code [0x00000000025b47c0, 0x00000000025b4970]
Event: 0.459 Thread 0x00000000194e8800  144       3       java.lang.StringCoding::scale (7 bytes)
Event: 0.459 Thread 0x00000000194e8800 nmethod 144 0x00000000025b4a10 code [0x00000000025b4b60, 0x00000000025b4cd0]
Event: 0.460 Thread 0x00000000194e8800  147       3       java.lang.String::getBytes (14 bytes)
Event: 0.460 Thread 0x00000000194e8800 nmethod 147 0x00000000025b4d50 code [0x00000000025b4ec0, 0x00000000025b5068]
Event: 0.460 Thread 0x00000000194e8800  146       3       java.security.MessageDigest$Delegate::engineUpdate (11 bytes)
Event: 0.460 Thread 0x00000000194e8800 nmethod 146 0x00000000025b5110 code [0x00000000025b5280, 0x00000000025b54a8]

GC Heap History (0 events):
No events

Deoptimization events (0 events):
No events

Internal exceptions (6 events):
Event: 0.042 Thread 0x000000000095d800 Exception <a 'java/lang/NoSuchMethodError': Method sun.misc.Unsafe.defineClass(Ljava/lang/String;[BII)Ljava/lang/Class; name or signature does not match> (0x00000000d558d940) thrown at [C:\re\workspace\8-2-build-windows-amd64-cygwin\jdk8u45\3627\hotspot\sr›¸√œ¨•?
Event: 0.042 Thread 0x000000000095d800 Exception <a 'java/lang/NoSuchMethodError': Method sun.misc.Unsafe.prefetchRead(Ljava/lang/Object;J)V name or signature does not match> (0x00000000d558dbd0) thrown at [C:\re\workspace\8-2-build-windows-amd64-cygwin\jdk8u45\3627\hotspot\src\share\vm\prims\j|W4Nj¡?
Event: 0.136 Thread 0x000000000095d800 Exception <a 'java/security/PrivilegedActionException'> (0x00000000d5840ad8) thrown at [C:\re\workspace\8-2-build-windows-amd64-cygwin\jdk8u45\3627\hotspot\src\share\vm\prims\jvm.cpp, line 1382]
Event: 0.136 Thread 0x000000000095d800 Exception <a 'java/security/PrivilegedActionException'> (0x00000000d5840c90) thrown at [C:\re\workspace\8-2-build-windows-amd64-cygwin\jdk8u45\3627\hotspot\src\share\vm\prims\jvm.cpp, line 1382]
Event: 0.137 Thread 0x000000000095d800 Exception <a 'java/security/PrivilegedActionException'> (0x00000000d5844a28) thrown at [C:\re\workspace\8-2-build-windows-amd64-cygwin\jdk8u45\3627\hotspot\src\share\vm\prims\jvm.cpp, line 1382]
Event: 0.137 Thread 0x000000000095d800 Exception <a 'java/security/PrivilegedActionException'> (0x00000000d5844be0) thrown at [C:\re\workspace\8-2-build-windows-amd64-cygwin\jdk8u45\3627\hotspot\src\share\vm\prims\jvm.cpp, line 1382]

Events (10 events):
Event: 0.460 loading class sun/net/www/protocol/jar/URLJarFile$URLJarFileCloseController done
Event: 0.460 loading class sun/net/www/protocol/jar/JarFileFactory done
Event: 0.460 loading class sun/net/www/protocol/jar/URLJarFile
Event: 0.461 loading class sun/net/www/protocol/jar/URLJarFile done
Event: 0.461 loading class sun/net/www/protocol/jar/URLJarFile$URLJarFileEntry
Event: 0.461 loading class sun/net/www/protocol/jar/URLJarFile$URLJarFileEntry done
Event: 0.461 loading class sun/net/www/protocol/jar/JarURLConnection$JarURLInputStream
Event: 0.461 loading class sun/net/www/protocol/jar/JarURLConnection$JarURLInputStream done
Event: 0.462 loading class java/io/FileOutputStream$1
Event: 0.462 loading class java/io/FileOutputStream$1 done


Dynamic libraries:
0x00007ff7f7c80000 - 0x00007ff7f7cb7000 	C:\Program Files\Java\jdk1.8.0_45\bin\java.exe
0x00007fff48330000 - 0x00007fff484f1000 	C:\WINDOWS\SYSTEM32\ntdll.dll
0x00007fff48280000 - 0x00007fff4832d000 	C:\WINDOWS\system32\KERNEL32.DLL
0x00007fff44c10000 - 0x00007fff44df8000 	C:\WINDOWS\system32\KERNELBASE.dll
0x00007fff429c0000 - 0x00007fff42a39000 	C:\WINDOWS\system32\apphelp.dll
0x00007fff46110000 - 0x00007fff461b7000 	C:\WINDOWS\system32\ADVAPI32.dll
0x00007fff45790000 - 0x00007fff4582d000 	C:\WINDOWS\system32\msvcrt.dll
0x00007fff45ae0000 - 0x00007fff45b3b000 	C:\WINDOWS\system32\sechost.dll
0x00007fff45ca0000 - 0x00007fff45dbc000 	C:\WINDOWS\system32\RPCRT4.dll
0x00007fff45b40000 - 0x00007fff45c96000 	C:\WINDOWS\system32\USER32.dll
0x00007fff45f80000 - 0x00007fff46106000 	C:\WINDOWS\system32\GDI32.dll
0x00007fff39910000 - 0x00007fff39b84000 	C:\WINDOWS\WinSxS\amd64_microsoft.windows.common-controls_6595b64144ccf1df_6.0.10586.0_none_8c15ae12515e1c22\COMCTL32.dll
0x00007fff47d40000 - 0x00007fff47fbd000 	C:\WINDOWS\system32\combase.dll
0x00007fff44e00000 - 0x00007fff44e6a000 	C:\WINDOWS\system32\bcryptPrimitives.dll
0x00007fff47730000 - 0x00007fff4776b000 	C:\WINDOWS\system32\IMM32.DLL
0x000000005d7b0000 - 0x000000005d882000 	C:\Program Files\Java\jdk1.8.0_45\jre\bin\msvcr100.dll
0x000000005c960000 - 0x000000005d1e3000 	C:\Program Files\Java\jdk1.8.0_45\jre\bin\server\jvm.dll
0x00007fff461c0000 - 0x00007fff461c8000 	C:\WINDOWS\system32\PSAPI.DLL
0x00007fff39ef0000 - 0x00007fff39ef9000 	C:\WINDOWS\SYSTEM32\WSOCK32.dll
0x00007fff40490000 - 0x00007fff4049a000 	C:\WINDOWS\SYSTEM32\VERSION.dll
0x00007fff41d10000 - 0x00007fff41d33000 	C:\WINDOWS\SYSTEM32\WINMM.dll
0x00007fff47770000 - 0x00007fff477db000 	C:\WINDOWS\system32\WS2_32.dll
0x00007fff41ce0000 - 0x00007fff41d0c000 	C:\WINDOWS\SYSTEM32\WINMMBASE.dll
0x00007fff44e70000 - 0x00007fff44eb3000 	C:\WINDOWS\system32\cfgmgr32.dll
0x000000005d7a0000 - 0x000000005d7af000 	C:\Program Files\Java\jdk1.8.0_45\jre\bin\verify.dll
0x000000005d770000 - 0x000000005d799000 	C:\Program Files\Java\jdk1.8.0_45\jre\bin\java.dll
0x000000005d750000 - 0x000000005d766000 	C:\Program Files\Java\jdk1.8.0_45\jre\bin\zip.dll
0x00007fff461d0000 - 0x00007fff4772f000 	C:\WINDOWS\system32\SHELL32.dll
0x00007fff44f80000 - 0x00007fff455c4000 	C:\WINDOWS\system32\windows.storage.dll
0x00007fff478b0000 - 0x00007fff47902000 	C:\WINDOWS\system32\shlwapi.dll
0x00007fff449d0000 - 0x00007fff449df000 	C:\WINDOWS\system32\kernel.appcore.dll
0x00007fff44ec0000 - 0x00007fff44f75000 	C:\WINDOWS\system32\shcore.dll
0x00007fff44980000 - 0x00007fff449cb000 	C:\WINDOWS\system32\powrprof.dll
0x00007fff44960000 - 0x00007fff44974000 	C:\WINDOWS\system32\profapi.dll
0x00007fff442d0000 - 0x00007fff442e7000 	C:\WINDOWS\SYSTEM32\CRYPTSP.dll
0x00007fff43f60000 - 0x00007fff43f94000 	C:\WINDOWS\system32\rsaenh.dll
0x00007fff44880000 - 0x00007fff448a9000 	C:\WINDOWS\SYSTEM32\bcrypt.dll
0x00007fff440b0000 - 0x00007fff440cf000 	C:\WINDOWS\SYSTEM32\USERENV.dll
0x00007fff44870000 - 0x00007fff4487b000 	C:\WINDOWS\SYSTEM32\CRYPTBASE.dll
0x000000005d730000 - 0x000000005d74a000 	C:\Program Files\Java\jdk1.8.0_45\jre\bin\net.dll
0x00007fff44220000 - 0x00007fff4427c000 	C:\WINDOWS\system32\mswsock.dll
0x00007fff426e0000 - 0x00007fff42718000 	C:\WINDOWS\SYSTEM32\IPHLPAPI.DLL
0x00007fff45860000 - 0x00007fff45868000 	C:\WINDOWS\system32\NSI.dll
0x00007fff3ed80000 - 0x00007fff3ed96000 	C:\WINDOWS\SYSTEM32\dhcpcsvc6.DLL
0x00007fff3ee10000 - 0x00007fff3ee2a000 	C:\WINDOWS\SYSTEM32\dhcpcsvc.DLL
0x000000005d710000 - 0x000000005d721000 	C:\Program Files\Java\jdk1.8.0_45\jre\bin\nio.dll
0x00007fff1a0f0000 - 0x00007fff1a27c000 	C:\WINDOWS\SYSTEM32\dbghelp.dll

VM Arguments:
jvm_args: -Xmx2048M -Dcom.android.sdkmanager.toolsdir=C:/Program Files/Android SDK\tools -Dfile.encoding=UTF8 
java_command: C:\Program Files\Unity\Editor\Data\PlaybackEngines\AndroidPlayer/Tools\sdktools.jar -
java_class_path (initial): C:\Program Files\Unity\Editor\Data\PlaybackEngines\AndroidPlayer/Tools\sdktools.jar
Launcher Type: SUN_STANDARD

Environment Variables:
PATH=C:\ProgramData\Oracle\Java\javapath;C:\Program Files\ImageMagick-6.9.1-Q16;C:\Program Files (x86)\Common Files\Intel\Shared Files\cpp\bin\Intel64;C:\WINDOWS\system32;C:\WINDOWS;C:\WINDOWS\System32\Wbem;C:\WINDOWS\System32\WindowsPowerShell\v1.0\;C:\Program Files (x86)\AMD\ATI.ACE\Core-Static;C:\Program Files (x86)\ATI Technologies\ATI.ACE\Core-Static;;;C:\Program Files (x86)\QuickTime\QTSystem\;C:\Users\exe4que\.dnx\bin;C:\Program Files\Microsoft DNX\Dnvm\;C:\Program Files\Microsoft\Web Platform Installer\;C:\Program Files\Microsoft SQL Server\1;C:\WINDOWS\system32;C:\WINDOWS;C:\WINDOWS\System32\Wbem;C:\WINDOWS\System32\WindowsPowerShell\v1.0\;C:\Program Files\Microsoft SQL Server\Client SDK\ODBC\110\Tools\Binn\;C:\Program Files (x86)\Microsoft SQL Server\130\Tools\Binn\;C:\Program Files\Microsoft SQL Server\130\Tools\Binn\;C:\Program Files\Microsoft SQL Server\130\DTS\Binn\;C:\Program Files (x86)\Microsoft SQL Server\130\Tools\Binn\ManagementStudio\;C:\Program Files (x86)\Microsoft SQL Server\130\DTS\Binn\;C:\Program Files (x86)\GtkSharp\2.12\bin;C:\Program Files (x86)\Skype\Phone\;C:\Program Files\Samsung\AllShare Framework DMS\1.3.23\;C:\Program Files\Samsung\AllShare Framework DMS\1.3.23\64bit\
USERNAME=exe4que
OS=Windows_NT
PROCESSOR_IDENTIFIER=AMD64 Family 21 Model 1 Stepping 2, AuthenticAMD



---------------  S Y S T E M  ---------------

OS: Windows 10.0 , 64 bit Build 10586 (10.0.10586.0)

CPU:total 8 (8 cores per cpu, 1 threads per core) family 21 model 1 stepping 2, cmov, cx8, fxsr, mmx, sse, sse2, sse3, ssse3, sse4.1, sse4.2, popcnt, avx, aes, clmul, mmxext, 3dnowpref, lzcnt, sse4a, tsc, tscinvbit, tscinv

Memory: 4k page, physical 8332636k(1872368k free), swap 9356636k(0k free)

vm_info: Java HotSpot(TM) 64-Bit Server VM (25.45-b02) for windows-amd64 JRE (1.8.0_45-b15), built on Apr 30 2015 12:40:44 by "java_re" with MS VC++ 10.0 (VS2010)

time: Mon Feb 08 21:15:11 2016
elapsed time: 0 seconds (0d 0h 0m 0s)

