#
# There is insufficient memory for the Java Runtime Environment to continue.
# Native memory allocation (malloc) failed to allocate 1048576 bytes for AllocateHeap
# Possible reasons:
#   The system is out of physical RAM or swap space
#   In 32 bit mode, the process size limit was hit
# Possible solutions:
#   Reduce memory load on the system
#   Increase physical memory or swap space
#   Check if swap backing store is full
#   Use 64 bit Java on a 64 bit OS
#   Decrease Java heap size (-Xmx/-Xms)
#   Decrease number of Java threads
#   Decrease Java thread stack sizes (-Xss)
#   Set larger code cache with -XX:ReservedCodeCacheSize=
# This output file may be truncated or incomplete.
#
#  Out of Memory Error (memory/allocation.inline.hpp:61), pid=12280, tid=4340
#
# JRE version:  (8.0_45-b15) (build )
# Java VM: Java HotSpot(TM) 64-Bit Server VM (25.45-b02 mixed mode windows-amd64 compressed oops)
# Failed to write core dump. Minidumps are not enabled by default on client versions of Windows
#

---------------  T H R E A D  ---------------

Current thread (0x000000000213d800):  JavaThread "Unknown thread" [_thread_in_vm, id=4340, stack(0x0000000002240000,0x0000000002340000)]

Stack: [0x0000000002240000,0x0000000002340000]
Native frames: (J=compiled Java code, j=interpreted, Vv=VM code, C=native code)
V  [jvm.dll+0x32b57a]
V  [jvm.dll+0x279873]
V  [jvm.dll+0x27a509]
V  [jvm.dll+0x271825]
V  [jvm.dll+0x1606]
V  [jvm.dll+0x3c08c2]
V  [jvm.dll+0x3eecb2]
V  [jvm.dll+0x3ef1bc]
V  [jvm.dll+0x3ea7a7]
V  [jvm.dll+0xf2cf2]
V  [jvm.dll+0x20f0c9]
V  [jvm.dll+0x240e0a]
V  [jvm.dll+0x15ba41]
C  [java.exe+0x216e]
C  [java.exe+0xcce7]
C  [java.exe+0xcd7b]
C  [KERNEL32.DLL+0x18102]
C  [ntdll.dll+0x5c2e4]


---------------  P R O C E S S  ---------------

Java Threads: ( => current thread )

Other Threads:

=>0x000000000213d800 (exited) JavaThread "Unknown thread" [_thread_in_vm, id=4340, stack(0x0000000002240000,0x0000000002340000)]

VM state:not at safepoint (normal execution)

VM Mutex/Monitor currently owned by a thread: None

Heap:
 PSYoungGen      total 38400K, used 665K [0x00000000d5580000, 0x00000000d8000000, 0x0000000100000000)
  eden space 33280K, 2% used [0x00000000d5580000,0x00000000d5626670,0x00000000d7600000)
  from space 5120K, 0% used [0x00000000d7b00000,0x00000000d7b00000,0x00000000d8000000)
  to   space 5120K, 0% used [0x00000000d7600000,0x00000000d7600000,0x00000000d7b00000)
 ParOldGen       total 87552K, used 0K [0x0000000080000000, 0x0000000085580000, 0x00000000d5580000)
  object space 87552K, 0% used [0x0000000080000000,0x0000000080000000,0x0000000085580000)
 Metaspace       used 766K, capacity 4480K, committed 4480K, reserved 1056768K
  class space    used 75K, capacity 384K, committed 384K, reserved 1048576K

Card table byte_map: [0x0000000011800000,0x0000000011c10000] byte_map_base: 0x0000000011400000

Marking Bits: (ParMarkBitMap*) 0x000000005d164040
 Begin Bits: [0x00000000126c0000, 0x00000000146c0000)
 End Bits:   [0x00000000146c0000, 0x00000000166c0000)

Polling page: 0x0000000002080000

CodeCache: size=245760Kb used=327Kb max_used=327Kb free=245432Kb
 bounds [0x0000000002440000, 0x00000000026b0000, 0x0000000011440000]
 total_blobs=56 nmethods=0 adapters=37
 compilation: enabled

Compilation events (0 events):
No events

GC Heap History (0 events):
No events

Deoptimization events (0 events):
No events

Internal exceptions (0 events):
No events

Events (10 events):
Event: 0.320 loading class java/lang/Short
Event: 0.320 loading class java/lang/Short done
Event: 0.320 loading class java/lang/Integer
Event: 0.321 loading class java/lang/Integer done
Event: 0.321 loading class java/lang/Long
Event: 0.321 loading class java/lang/Long done
Event: 0.322 loading class java/lang/NullPointerException
Event: 0.322 loading class java/lang/NullPointerException done
Event: 0.322 loading class java/lang/ArithmeticException
Event: 0.322 loading class java/lang/ArithmeticException done


Dynamic libraries:
0x00007ff60d100000 - 0x00007ff60d137000 	C:\Program Files\Java\jdk1.8.0_45\bin\java.exe
0x00007fff48330000 - 0x00007fff484f1000 	C:\WINDOWS\SYSTEM32\ntdll.dll
0x00007fff48280000 - 0x00007fff4832d000 	C:\WINDOWS\system32\KERNEL32.DLL
0x00007fff44c10000 - 0x00007fff44df8000 	C:\WINDOWS\system32\KERNELBASE.dll
0x00007fff429c0000 - 0x00007fff42a39000 	C:\WINDOWS\system32\apphelp.dll
0x00007fff46110000 - 0x00007fff461b7000 	C:\WINDOWS\system32\ADVAPI32.dll
0x00007fff45790000 - 0x00007fff4582d000 	C:\WINDOWS\system32\msvcrt.dll
0x00007fff45ae0000 - 0x00007fff45b3b000 	C:\WINDOWS\system32\sechost.dll
0x00007fff45ca0000 - 0x00007fff45dbc000 	C:\WINDOWS\system32\RPCRT4.dll
0x00007fff45b40000 - 0x00007fff45c96000 	C:\WINDOWS\system32\USER32.dll
0x00007fff45f80000 - 0x00007fff46106000 	C:\WINDOWS\system32\GDI32.dll
0x00007fff39910000 - 0x00007fff39b84000 	C:\WINDOWS\WinSxS\amd64_microsoft.windows.common-controls_6595b64144ccf1df_6.0.10586.0_none_8c15ae12515e1c22\COMCTL32.dll
0x00007fff47d40000 - 0x00007fff47fbd000 	C:\WINDOWS\system32\combase.dll
0x00007fff44e00000 - 0x00007fff44e6a000 	C:\WINDOWS\system32\bcryptPrimitives.dll
0x00007fff47730000 - 0x00007fff4776b000 	C:\WINDOWS\system32\IMM32.DLL
0x000000005d7b0000 - 0x000000005d882000 	C:\Program Files\Java\jdk1.8.0_45\jre\bin\msvcr100.dll
0x000000005c960000 - 0x000000005d1e3000 	C:\Program Files\Java\jdk1.8.0_45\jre\bin\server\jvm.dll
0x00007fff461c0000 - 0x00007fff461c8000 	C:\WINDOWS\system32\PSAPI.DLL
0x00007fff41d10000 - 0x00007fff41d33000 	C:\WINDOWS\SYSTEM32\WINMM.dll
0x00007fff40490000 - 0x00007fff4049a000 	C:\WINDOWS\SYSTEM32\VERSION.dll
0x00007fff39ef0000 - 0x00007fff39ef9000 	C:\WINDOWS\SYSTEM32\WSOCK32.dll
0x00007fff47770000 - 0x00007fff477db000 	C:\WINDOWS\system32\WS2_32.dll
0x00007fff41ce0000 - 0x00007fff41d0c000 	C:\WINDOWS\SYSTEM32\WINMMBASE.dll
0x00007fff44e70000 - 0x00007fff44eb3000 	C:\WINDOWS\system32\cfgmgr32.dll
0x000000005d7a0000 - 0x000000005d7af000 	C:\Program Files\Java\jdk1.8.0_45\jre\bin\verify.dll
0x000000005d770000 - 0x000000005d799000 	C:\Program Files\Java\jdk1.8.0_45\jre\bin\java.dll
0x000000005d750000 - 0x000000005d766000 	C:\Program Files\Java\jdk1.8.0_45\jre\bin\zip.dll
0x00007fff13b20000 - 0x00007fff13cac000 	C:\WINDOWS\SYSTEM32\dbghelp.dll

VM Arguments:
jvm_args: -Xmx2048M -Dcom.android.sdkmanager.toolsdir=C:/Program Files/Android SDK\tools -Dfile.encoding=UTF8 
java_command: C:\Program Files\Unity\Editor\Data\PlaybackEngines\AndroidPlayer/Tools\sdktools.jar -
java_class_path (initial): C:\Program Files\Unity\Editor\Data\PlaybackEngines\AndroidPlayer/Tools\sdktools.jar
Launcher Type: SUN_STANDARD

Environment Variables:
PATH=C:\ProgramData\Oracle\Java\javapath;C:\Program Files\ImageMagick-6.9.1-Q16;C:\Program Files (x86)\Common Files\Intel\Shared Files\cpp\bin\Intel64;C:\WINDOWS\system32;C:\WINDOWS;C:\WINDOWS\System32\Wbem;C:\WINDOWS\System32\WindowsPowerShell\v1.0\;C:\Program Files (x86)\AMD\ATI.ACE\Core-Static;C:\Program Files (x86)\ATI Technologies\ATI.ACE\Core-Static;;;C:\Program Files (x86)\QuickTime\QTSystem\;C:\Users\exe4que\.dnx\bin;C:\Program Files\Microsoft DNX\Dnvm\;C:\Program Files\Microsoft\Web Platform Installer\;C:\Program Files\Microsoft SQL Server\1;C:\WINDOWS\system32;C:\WINDOWS;C:\WINDOWS\System32\Wbem;C:\WINDOWS\System32\WindowsPowerShell\v1.0\;C:\Program Files\Microsoft SQL Server\Client SDK\ODBC\110\Tools\Binn\;C:\Program Files (x86)\Microsoft SQL Server\130\Tools\Binn\;C:\Program Files\Microsoft SQL Server\130\Tools\Binn\;C:\Program Files\Microsoft SQL Server\130\DTS\Binn\;C:\Program Files (x86)\Microsoft SQL Server\130\Tools\Binn\ManagementStudio\;C:\Program Files (x86)\Microsoft SQL Server\130\DTS\Binn\;C:\Program Files (x86)\GtkSharp\2.12\bin;C:\Program Files (x86)\Skype\Phone\;C:\Program Files\Samsung\AllShare Framework DMS\1.3.23\;C:\Program Files\Samsung\AllShare Framework DMS\1.3.23\64bit\
USERNAME=exe4que
OS=Windows_NT
PROCESSOR_IDENTIFIER=AMD64 Family 21 Model 1 Stepping 2, AuthenticAMD



---------------  S Y S T E M  ---------------

OS: Windows 10.0 , 64 bit Build 10586 (10.0.10586.0)

CPU:total 8 (8 cores per cpu, 1 threads per core) family 21 model 1 stepping 2, cmov, cx8, fxsr, mmx, sse, sse2, sse3, ssse3, sse4.1, sse4.2, popcnt, avx, aes, clmul, mmxext, 3dnowpref, lzcnt, sse4a, tsc, tscinvbit, tscinv

Memory: 4k page, physical 8332636k(1926108k free), swap 9356636k(4368k free)

vm_info: Java HotSpot(TM) 64-Bit Server VM (25.45-b02) for windows-amd64 JRE (1.8.0_45-b15), built on Apr 30 2015 12:40:44 by "java_re" with MS VC++ 10.0 (VS2010)

time: Mon Feb 08 21:16:14 2016
elapsed time: 0 seconds (0d 0h 0m 0s)

